[2024-05-14 19:48:38] [ ERROR] [BD:26] Error de Sintaxis en sentencia SQL "CREATE TABLE MEDICAMENTOS [*]VALUES(ID INT PRIMARY KEY, CODIGO INT NOT NULL, NOMBRE VARCHAR(100) NOT NULL,LABORATORIO VARCHAR(100) NOT NULL, CANTIDAD INT NOT NULL, PRECIO NUMERIC(10,2) NOT NULL"
Syntax error in SQL statement "CREATE TABLE MEDICAMENTOS [*]VALUES(ID INT PRIMARY KEY, CODIGO INT NOT NULL, NOMBRE VARCHAR(100) NOT NULL,LABORATORIO VARCHAR(100) NOT NULL, CANTIDAD INT NOT NULL, PRECIO NUMERIC(10,2) NOT NULL"; SQL statement:
CREATE TABLE MEDICAMENTOS VALUES(ID INT PRIMARY KEY, CODIGO INT NOT NULL, NOMBRE VARCHAR(100) NOT NULL,LABORATORIO VARCHAR(100) NOT NULL, CANTIDAD INT NOT NULL, PRECIO NUMERIC(10,2) NOT NULL [42000-224]
[2024-05-14 19:48:38] [ WARN ] [MedicamentoDAOH2:27] Table "MEDICAMENTOS" not found (this database is empty); SQL statement:
INSERT INTO MEDICAMENTOS VALUES(?,?,?,?,?,?) [42104-224]
[2024-05-14 19:51:30] [ ERROR] [BD:26] Error de Sintaxis en sentencia SQL "CREATE TABLE MEDICAMENTOS [*]VALUES(ID INT PRIMARY KEY, CODIGO INT NOT NULL, NOMBRE VARCHAR(100) NOT NULL,LABORATORIO VARCHAR(100) NOT NULL, CANTIDAD INT NOT NULL, PRECIO NUMERIC(10,2) NOT NULL"
Syntax error in SQL statement "CREATE TABLE MEDICAMENTOS [*]VALUES(ID INT PRIMARY KEY, CODIGO INT NOT NULL, NOMBRE VARCHAR(100) NOT NULL,LABORATORIO VARCHAR(100) NOT NULL, CANTIDAD INT NOT NULL, PRECIO NUMERIC(10,2) NOT NULL"; SQL statement:
CREATE TABLE MEDICAMENTOS VALUES(ID INT PRIMARY KEY, CODIGO INT NOT NULL, NOMBRE VARCHAR(100) NOT NULL,LABORATORIO VARCHAR(100) NOT NULL, CANTIDAD INT NOT NULL, PRECIO NUMERIC(10,2) NOT NULL [42000-224]
[2024-05-14 19:51:30] [ WARN ] [MedicamentoDAOH2:27] Table "MEDICAMENTOS" not found (this database is empty); SQL statement:
INSERT INTO MEDICAMENTOS VALUES(?,?,?,?,?,?) [42104-224]
[2024-05-14 19:52:50] [ ERROR] [BD:26] Error de Sintaxis en sentencia SQL "CREATE TABLE MEDICAMENTOS [*]VALUES(ID INT PRIMARY KEY, CODIGO INT NOT NULL, NOMBRE VARCHAR(100) NOT NULL,LABORATORIO VARCHAR(100) NOT NULL, CANTIDAD INT NOT NULL, PRECIO NUMERIC(10,2) NOT NULL)"
Syntax error in SQL statement "CREATE TABLE MEDICAMENTOS [*]VALUES(ID INT PRIMARY KEY, CODIGO INT NOT NULL, NOMBRE VARCHAR(100) NOT NULL,LABORATORIO VARCHAR(100) NOT NULL, CANTIDAD INT NOT NULL, PRECIO NUMERIC(10,2) NOT NULL)"; SQL statement:
CREATE TABLE MEDICAMENTOS VALUES(ID INT PRIMARY KEY, CODIGO INT NOT NULL, NOMBRE VARCHAR(100) NOT NULL,LABORATORIO VARCHAR(100) NOT NULL, CANTIDAD INT NOT NULL, PRECIO NUMERIC(10,2) NOT NULL) [42000-224]
[2024-05-14 19:52:50] [ WARN ] [MedicamentoDAOH2:27] Table "MEDICAMENTOS" not found (this database is empty); SQL statement:
INSERT INTO MEDICAMENTOS VALUES(?,?,?,?,?,?) [42104-224]
[2024-05-14 19:54:32] [ INFO ] [BD:22] tabla creada con exito
[2024-05-14 19:54:32] [ INFO ] [MedicamentoDAOH2:25] Datos agregados a la tabla
[2024-05-14 20:28:50] [ INFO ] [BD:22] tabla creada con exito
[2024-05-14 20:28:50] [ INFO ] [MedicamentoDAOH2:26] Datos agregados a la tabla
[2024-05-14 20:32:47] [ INFO ] [BD:22] tabla creada con exito
[2024-05-14 20:32:47] [ INFO ] [MedicamentoDAOH2:26] Datos agregados a la tabla
[2024-05-14 20:32:47] [ INFO ] [MedicamentoDAOH2:41] Medicamento encontradoooooo
[2024-05-14 20:33:08] [ INFO ] [BD:22] tabla creada con exito
[2024-05-14 20:33:08] [ INFO ] [MedicamentoDAOH2:26] Datos agregados a la tabla
[2024-05-14 20:33:08] [ INFO ] [MedicamentoDAOH2:41] Medicamento encontradoooooo
[2024-05-14 20:39:43] [ INFO ] [BD:22] tabla creada con exito
[2024-05-14 20:39:43] [ INFO ] [MedicamentoDAOH2:27] Datos agregados a la tabla
[2024-05-14 20:39:43] [ INFO ] [MedicamentoDAOH2:42] Medicamento encontradoooooo
[2024-05-14 20:39:43] [ WARN ] [MedicamentoDAOH2:49] No hay datos disponibles.
No data is available [2000-224]
[2024-05-14 20:40:04] [ INFO ] [BD:22] tabla creada con exito
[2024-05-14 20:40:04] [ INFO ] [MedicamentoDAOH2:27] Datos agregados a la tabla
[2024-05-14 20:40:04] [ INFO ] [MedicamentoDAOH2:42] Medicamento encontradoooooo
[2024-05-14 20:41:50] [ INFO ] [BD:22] tabla creada con exito
[2024-05-14 20:41:50] [ INFO ] [MedicamentoDAOH2:27] Datos agregados a la tabla
[2024-05-14 20:41:50] [ INFO ] [MedicamentoDAOH2:51] Medicamento encontradoo
[2024-05-14 20:42:19] [ INFO ] [BD:22] tabla creada con exito
[2024-05-14 20:42:19] [ INFO ] [MedicamentoDAOH2:27] Datos agregados a la tabla
[2024-05-14 20:42:19] [ WARN ] [MedicamentoDAOH2:55] No hay datos disponibles.
No data is available [2000-224]
[2024-05-14 20:44:13] [ INFO ] [BD:22] tabla creada con exito
[2024-05-14 20:44:14] [ INFO ] [MedicamentoDAOH2:27] Datos agregados a la tabla
[2024-05-14 20:44:14] [ INFO ] [MedicamentoDAOH2:49] Medicamento no encontradoo :(
[2024-05-14 20:44:23] [ INFO ] [BD:22] tabla creada con exito
[2024-05-14 20:44:23] [ INFO ] [MedicamentoDAOH2:27] Datos agregados a la tabla
[2024-05-14 20:44:24] [ INFO ] [MedicamentoDAOH2:46] Medicamento  encontrado
[2024-05-14 20:44:38] [ INFO ] [BD:22] tabla creada con exito
[2024-05-14 20:44:38] [ INFO ] [MedicamentoDAOH2:27] Datos agregados a la tabla
[2024-05-14 20:44:38] [ INFO ] [MedicamentoDAOH2:46] Medicamento  encontrado :)
[2024-05-14 20:48:04] [ INFO ] [BD:22] tabla creada con exito
[2024-05-14 20:48:04] [ INFO ] [MedicamentoDAOH2:27] Datos agregados a la tabla
[2024-05-14 20:48:04] [ INFO ] [MedicamentoDAOH2:46] Medicamento  encontrado :)
[2024-05-14 20:48:23] [ INFO ] [BD:22] tabla creada con exito
[2024-05-14 20:48:23] [ INFO ] [MedicamentoDAOH2:27] Datos agregados a la tabla
[2024-05-14 20:48:23] [ INFO ] [MedicamentoDAOH2:50] Medicamento no encontradoo :(
[2024-05-14 20:50:55] [ INFO ] [BD:22] tabla creada con exito
[2024-05-14 20:50:55] [ INFO ] [MedicamentoDAOH2:27] Datos agregados a la tabla
[2024-05-14 20:50:55] [ INFO ] [MedicamentoDAOH2:50] Medicamento no encontradoo :(
[2024-05-14 20:52:03] [ INFO ] [BD:22] tabla creada con exito
[2024-05-14 20:52:03] [ INFO ] [MedicamentoDAOH2:27] Datos agregados a la tabla
[2024-05-14 20:52:03] [ INFO ] [MedicamentoDAOH2:46] Medicamento  encontrado :)
[2024-05-14 20:52:52] [ INFO ] [BD:22] tabla creada con exito
[2024-05-14 20:52:52] [ INFO ] [MedicamentoDAOH2:27] Datos agregados a la tabla
[2024-05-14 20:52:52] [ INFO ] [MedicamentoDAOH2:46] Medicamento  encontrado :)
[2024-05-14 20:53:03] [ INFO ] [BD:22] tabla creada con exito
[2024-05-14 20:53:03] [ INFO ] [MedicamentoDAOH2:27] Datos agregados a la tabla
[2024-05-14 20:53:03] [ INFO ] [MedicamentoDAOH2:50] Medicamento no encontradoo :(
[2024-05-14 20:53:21] [ INFO ] [BD:22] tabla creada con exito
[2024-05-14 20:53:21] [ INFO ] [MedicamentoDAOH2:27] Datos agregados a la tabla
[2024-05-14 20:53:21] [ INFO ] [MedicamentoDAOH2:27] Datos agregados a la tabla
[2024-05-14 20:53:21] [ INFO ] [MedicamentoDAOH2:46] Medicamento  encontrado :)
[2024-05-14 20:58:22] [ INFO ] [BD:22] tabla creada con exito
[2024-05-14 20:58:22] [ INFO ] [MedicamentoDAOH2:27] Datos agregados a la tabla
[2024-05-14 20:58:22] [ INFO ] [MedicamentoDAOH2:27] Datos agregados a la tabla
[2024-05-14 20:58:22] [ INFO ] [MedicamentoDAOH2:46] Medicamento  encontrado :)
[2024-05-14 20:59:55] [ INFO ] [BD:22] tabla creada con exito
[2024-05-14 20:59:55] [ INFO ] [MedicamentoDAOH2:27] Datos agregados a la tabla
[2024-05-14 20:59:55] [ INFO ] [MedicamentoDAOH2:27] Datos agregados a la tabla
[2024-05-14 20:59:55] [ INFO ] [MedicamentoDAOH2:46] Medicamento  encontrado :)
[2024-05-14 21:00:26] [ INFO ] [BD:22] tabla creada con exito
[2024-05-14 21:00:26] [ INFO ] [MedicamentoDAOH2:27] Datos agregados a la tabla
[2024-05-14 21:00:26] [ INFO ] [MedicamentoDAOH2:27] Datos agregados a la tabla
[2024-05-14 21:00:26] [ INFO ] [MedicamentoDAOH2:46] Medicamento  encontrado :)
[2024-05-14 21:02:16] [ INFO ] [BD:22] tabla creada con exito
[2024-05-14 21:02:16] [ INFO ] [MedicamentoDAOH2:27] Datos agregados a la tabla
[2024-05-14 21:02:16] [ INFO ] [MedicamentoDAOH2:27] Datos agregados a la tabla
[2024-05-14 21:02:16] [ INFO ] [MedicamentoDAOH2:46] Medicamento  encontrado :)
[2024-05-14 21:02:16] [ INFO ] [Cliente:18] Medicamento encontrado: Paracetamon
[2024-05-14 21:02:33] [ INFO ] [BD:22] tabla creada con exito
[2024-05-14 21:02:33] [ INFO ] [MedicamentoDAOH2:27] Datos agregados a la tabla
[2024-05-14 21:02:33] [ INFO ] [MedicamentoDAOH2:27] Datos agregados a la tabla
[2024-05-14 21:02:33] [ INFO ] [MedicamentoDAOH2:51] Medicamento no encontradoo :(
[2024-05-14 21:03:35] [ INFO ] [BD:22] tabla creada con exito
[2024-05-14 21:03:35] [ INFO ] [MedicamentoDAOH2:27] Datos agregados a la tabla
[2024-05-14 21:03:35] [ INFO ] [MedicamentoDAOH2:27] Datos agregados a la tabla
[2024-05-14 21:03:35] [ INFO ] [MedicamentoDAOH2:51] Medicamento no encontradoo :(
[2024-05-14 21:03:35] [ WARN ] [Cliente:22] Medicamento n encontrado
[2024-05-14 21:03:59] [ INFO ] [BD:22] tabla creada con exito
[2024-05-14 21:03:59] [ INFO ] [MedicamentoDAOH2:27] Datos agregados a la tabla
[2024-05-14 21:03:59] [ INFO ] [MedicamentoDAOH2:27] Datos agregados a la tabla
[2024-05-14 21:03:59] [ INFO ] [MedicamentoDAOH2:46] Medicamento  encontrado :)
[2024-05-14 21:03:59] [ INFO ] [Cliente:19] Medicamento encontrado: Paracetamon
